2025-06-27T11:50:02: Attempting to start bot...
2025-06-27T11:50:02: Testing Telegram API connection...
2025-06-27T11:50:02: Server running on port 3000
2025-06-27T11:50:02: Could not connect to Telegram API. Will try to start bot anyway...
2025-06-27T11:50:02: Retrying in 10 seconds...
2025-06-27T11:50:04: MongoDB Atlas Connected: ac-cv3quvg-shard-00-01.mojl7hg.mongodb.net
2025-06-27T11:56:33: Bot started on retry
2025-06-27T11:56:39: Attempting to start bot...
2025-06-27T11:56:39: Testing Telegram API connection...
2025-06-27T11:56:39: Server running on port 3000
2025-06-27T11:56:40: Could not connect to Telegram API. Will try to start bot anyway...
2025-06-27T11:56:40: Retrying in 10 seconds...
2025-06-27T11:56:42: MongoDB Atlas Connected: ac-cv3quvg-shard-00-01.mojl7hg.mongodb.net
2025-06-27T11:56:50: Please check your network connection and try again later.
2025-06-27T11:57:32: Attempting to start bot...
2025-06-27T11:57:32: Testing Telegram API connection...
2025-06-27T11:57:32: Server running on port 3000
2025-06-27T11:57:33: Telegram API connection test successful
2025-06-27T11:57:34: MongoDB Atlas Connected: ac-cv3quvg-shard-00-00.mojl7hg.mongodb.net
2025-06-27T12:08:42: Bot started successfully
2025-06-27T12:09:19: Attempting to start bot...
2025-06-27T12:09:19: Testing Telegram API connection...
2025-06-27T12:09:19: Server running on port 3000
2025-06-27T12:09:19: Could not connect to Telegram API. Will try to start bot anyway...
2025-06-27T12:09:19: Retrying in 10 seconds...
2025-06-27T12:09:29: Attempting to start bot...
2025-06-27T12:09:29: Testing Telegram API connection...
2025-06-27T12:09:29: Server running on port 3000
2025-06-27T12:09:29: Could not connect to Telegram API. Will try to start bot anyway...
2025-06-27T12:09:29: Retrying in 10 seconds...
2025-06-27T12:09:39: Please check your network connection and try again later.
2025-06-27T12:09:47: Attempting to start bot...
2025-06-27T12:09:47: Testing Telegram API connection...
2025-06-27T12:09:47: Server running on port 3000
2025-06-27T12:09:47: Could not connect to Telegram API. Will try to start bot anyway...
2025-06-27T12:09:47: Retrying in 10 seconds...
2025-06-27T12:09:56: MongoDB Atlas Connected: ac-cv3quvg-shard-00-01.mojl7hg.mongodb.net
2025-06-27T12:09:58: Please check your network connection and try again later.
2025-06-27T12:10:01: Attempting to start bot...
2025-06-27T12:10:01: Testing Telegram API connection...
2025-06-27T12:10:01: Server running on port 3000
2025-06-27T12:10:01: Could not connect to Telegram API. Will try to start bot anyway...
2025-06-27T12:10:01: Retrying in 10 seconds...
2025-06-27T12:10:10: Attempting to start bot...
2025-06-27T12:10:10: Testing Telegram API connection...
2025-06-27T12:10:10: Server running on port 3000
2025-06-27T12:10:11: Could not connect to Telegram API. Will try to start bot anyway...
2025-06-27T12:10:12: Retrying in 10 seconds...
2025-06-27T12:10:22: Please check your network connection and try again later.
2025-06-27T12:10:34: Attempting to start bot...
2025-06-27T12:10:34: Testing Telegram API connection...
2025-06-27T12:10:34: Server running on port 3000
2025-06-27T12:10:34: Could not connect to Telegram API. Will try to start bot anyway...
2025-06-27T12:10:34: Retrying in 10 seconds...
2025-06-27T12:10:44: MongoDB Atlas Connected: ac-cv3quvg-shard-00-00.mojl7hg.mongodb.net
2025-06-27T12:10:46: Please check your network connection and try again later.
2025-06-27T12:11:01: Attempting to start bot...
2025-06-27T12:11:01: Testing Telegram API connection...
2025-06-27T12:11:01: Server running on port 3000
2025-06-27T12:11:02: Could not connect to Telegram API. Will try to start bot anyway...
2025-06-27T12:11:02: Retrying in 10 seconds...
2025-06-27T12:11:05: Attempting to start bot...
2025-06-27T12:11:05: Testing Telegram API connection...
2025-06-27T12:11:05: Server running on port 3000
2025-06-27T12:11:05: Could not connect to Telegram API. Will try to start bot anyway...
2025-06-27T12:11:06: Retrying in 10 seconds...
2025-06-27T12:11:13: MongoDB Atlas Connected: ac-cv3quvg-shard-00-00.mojl7hg.mongodb.net
2025-06-27T12:11:16: Please check your network connection and try again later.
2025-06-27T12:11:54: Attempting to start bot...
2025-06-27T12:11:54: Testing Telegram API connection...
2025-06-27T12:11:54: Server running on port 3000
2025-06-27T12:11:54: Could not connect to Telegram API. Will try to start bot anyway...
2025-06-27T12:11:54: Retrying in 10 seconds...
2025-06-27T12:12:04: MongoDB Atlas Connected: ac-cv3quvg-shard-00-01.mojl7hg.mongodb.net
2025-06-27T12:12:05: Please check your network connection and try again later.
2025-06-27T12:12:25: Attempting to start bot...
2025-06-27T12:12:25: Testing Telegram API connection...
2025-06-27T12:12:25: Server running on port 3000
2025-06-27T12:12:25: Could not connect to Telegram API. Will try to start bot anyway...
2025-06-27T12:12:26: Retrying in 10 seconds...
2025-06-27T12:12:36: Please check your network connection and try again later.
2025-06-27T12:12:39: MongoDB Atlas Connected: ac-cv3quvg-shard-00-01.mojl7hg.mongodb.net
2025-06-27T12:13:18: Attempting to start bot...
2025-06-27T12:13:18: Testing Telegram API connection...
2025-06-27T12:13:18: Server running on port 3000
2025-06-27T12:13:18: Could not connect to Telegram API. Will try to start bot anyway...
2025-06-27T12:13:18: Retrying in 10 seconds...
2025-06-27T12:13:29: Please check your network connection and try again later.
2025-06-27T12:13:51: Attempting to start bot...
2025-06-27T12:13:51: Testing Telegram API connection...
2025-06-27T12:13:51: Server running on port 3000
2025-06-27T12:14:04: Could not connect to Telegram API. Will try to start bot anyway...
2025-06-27T12:14:05: Retrying in 10 seconds...
2025-06-27T12:14:12: Attempting to start bot...
2025-06-27T12:14:12: Testing Telegram API connection...
2025-06-27T12:14:13: Server running on port 3000
2025-06-27T12:14:13: Could not connect to Telegram API. Will try to start bot anyway...
2025-06-27T12:14:13: Retrying in 10 seconds...
2025-06-27T12:14:32: Attempting to start bot...
2025-06-27T12:14:32: Testing Telegram API connection...
2025-06-27T12:14:32: Server running on port 3000
2025-06-27T12:14:33: Could not connect to Telegram API. Will try to start bot anyway...
2025-06-27T12:14:33: Retrying in 10 seconds...
2025-06-27T12:14:39: Attempting to start bot...
2025-06-27T12:14:39: Testing Telegram API connection...
2025-06-27T12:14:39: Server running on port 3000
2025-06-27T12:14:40: Could not connect to Telegram API. Will try to start bot anyway...
2025-06-27T12:14:40: Retrying in 10 seconds...
2025-06-27T12:14:50: Please check your network connection and try again later.
2025-06-27T12:15:12: MongoDB Atlas Connected: ac-cv3quvg-shard-00-01.mojl7hg.mongodb.net
2025-06-27T12:15:40: Attempting to start bot...
2025-06-27T12:15:40: Testing Telegram API connection...
2025-06-27T12:15:40: Server running on port 3000
2025-06-27T12:15:40: Could not connect to Telegram API. Will try to start bot anyway...
2025-06-27T12:15:40: Retrying in 10 seconds...
2025-06-27T12:15:41: MongoDB Atlas Connected: ac-cv3quvg-shard-00-01.mojl7hg.mongodb.net
2025-06-27T12:15:59: Bot started on retry
2025-06-27T12:16:07: Attempting to start bot...
2025-06-27T12:16:07: Testing Telegram API connection...
2025-06-27T12:16:07: Server running on port 3000
2025-06-27T12:16:08: Could not connect to Telegram API. Will try to start bot anyway...
2025-06-27T12:16:08: Retrying in 10 seconds...
2025-06-27T12:16:09: MongoDB Atlas Connected: ac-cv3quvg-shard-00-00.mojl7hg.mongodb.net
2025-06-27T12:16:18: Please check your network connection and try again later.
2025-06-27T12:16:38: Attempting to start bot...
2025-06-27T12:16:38: Testing Telegram API connection...
2025-06-27T12:16:38: Server running on port 3000
2025-06-27T12:16:39: Could not connect to Telegram API. Will try to start bot anyway...
2025-06-27T12:16:39: Retrying in 10 seconds...
2025-06-27T12:16:40: MongoDB Atlas Connected: ac-cv3quvg-shard-00-00.mojl7hg.mongodb.net
2025-06-27T12:16:50: Attempting to start bot...
2025-06-27T12:16:50: Testing Telegram API connection...
2025-06-27T12:16:50: Server running on port 3000
2025-06-27T12:16:50: Could not connect to Telegram API. Will try to start bot anyway...
2025-06-27T12:16:51: Retrying in 10 seconds...
2025-06-27T12:16:52: MongoDB Atlas Connected: ac-cv3quvg-shard-00-00.mojl7hg.mongodb.net
2025-06-27T12:17:01: Please check your network connection and try again later.
2025-06-27T12:17:31: Attempting to start bot...
2025-06-27T12:17:31: Testing Telegram API connection...
2025-06-27T12:17:31: Server running on port 3000
2025-06-27T12:17:31: Could not connect to Telegram API. Will try to start bot anyway...
2025-06-27T12:17:32: Retrying in 10 seconds...
2025-06-27T12:17:33: MongoDB Atlas Connected: ac-cv3quvg-shard-00-01.mojl7hg.mongodb.net
2025-06-27T12:17:42: Please check your network connection and try again later.
2025-06-27T12:17:51: Attempting to start bot...
2025-06-27T12:17:51: Testing Telegram API connection...
2025-06-27T12:17:51: Server running on port 3000
2025-06-27T12:17:51: Could not connect to Telegram API. Will try to start bot anyway...
2025-06-27T12:17:51: Retrying in 10 seconds...
2025-06-27T12:17:56: MongoDB Atlas Connected: ac-cv3quvg-shard-00-01.mojl7hg.mongodb.net
2025-06-27T12:18:02: Please check your network connection and try again later.
2025-06-27T12:18:40: Attempting to start bot...
2025-06-27T12:18:40: Testing Telegram API connection...
2025-06-27T12:18:40: Server running on port 3000
2025-06-27T12:18:41: Telegram API connection test successful
2025-06-27T12:18:41: MongoDB Atlas Connected: ac-cv3quvg-shard-00-00.mojl7hg.mongodb.net
2025-06-27T12:18:46: Bot started successfully
2025-06-27T12:19:03: Attempting to start bot...
2025-06-27T12:19:03: Testing Telegram API connection...
2025-06-27T12:19:03: Server running on port 3000
2025-06-27T12:19:05: MongoDB Atlas Connected: ac-cv3quvg-shard-00-02.mojl7hg.mongodb.net
2025-06-27T12:19:05: Telegram API connection test successful
2025-06-27T12:19:05: Retrying in 10 seconds...
2025-06-27T12:20:00: Bot started on retry
2025-06-27T12:20:11: Attempting to start bot...
2025-06-27T12:20:11: Testing Telegram API connection...
2025-06-27T12:20:11: Server running on port 3000
2025-06-27T12:20:13: Telegram API connection test successful
2025-06-27T12:20:13: MongoDB Atlas Connected: ac-cv3quvg-shard-00-02.mojl7hg.mongodb.net
2025-06-27T12:20:18: Bot started successfully
2025-06-27T12:26:55: Attempting to start bot...
2025-06-27T12:26:55: Testing Telegram API connection...
2025-06-27T12:26:55: Server running on port 3000
2025-06-27T12:26:56: Could not connect to Telegram API. Will try to start bot anyway...
2025-06-27T12:26:57: Retrying in 10 seconds...
2025-06-27T12:27:07: Attempting to start bot...
2025-06-27T12:27:07: Testing Telegram API connection...
2025-06-27T12:27:07: Server running on port 3000
2025-06-27T12:27:07: Could not connect to Telegram API. Will try to start bot anyway...
2025-06-27T12:27:08: Retrying in 10 seconds...
2025-06-27T12:27:10: MongoDB Atlas Connected: ac-cv3quvg-shard-00-00.mojl7hg.mongodb.net
2025-06-27T12:27:18: Please check your network connection and try again later.
2025-06-27T12:33:27: Attempting to start bot...
2025-06-27T12:33:27: Testing Telegram API connection...
2025-06-27T12:33:27: Server running on port 3000
2025-06-27T12:33:28: Could not connect to Telegram API. Will try to start bot anyway...
2025-06-27T12:33:28: Retrying in 10 seconds...
2025-06-27T12:33:32: MongoDB Atlas Connected: ac-cv3quvg-shard-00-02.mojl7hg.mongodb.net
2025-06-27T12:33:39: Please check your network connection and try again later.
2025-06-27T12:37:01: Attempting to start bot...
2025-06-27T12:37:01: Testing Telegram API connection...
2025-06-27T12:37:01: Server running on port 3000
2025-06-27T12:37:01: Telegram API connection test successful
2025-06-27T12:37:02: MongoDB Atlas Connected: ac-cv3quvg-shard-00-00.mojl7hg.mongodb.net
2025-06-27T12:42:43: Attempting to start bot...
2025-06-27T12:42:43: Testing Telegram API connection...
2025-06-27T12:42:44: Server running on port 3000
2025-06-27T12:42:44: Could not connect to Telegram API. Will try to start bot anyway...
2025-06-27T12:43:18: MongoDB Atlas Connected: ac-cv3quvg-shard-00-00.mojl7hg.mongodb.net
2025-06-27T12:47:52: Bot started successfully
2025-06-27T12:47:59: Attempting to start bot...
2025-06-27T12:47:59: Testing Telegram API connection...
2025-06-27T12:47:59: Server running on port 3000
2025-06-27T12:48:00: Telegram API connection test successful
2025-06-27T12:48:00: MongoDB Atlas Connected: ac-cv3quvg-shard-00-00.mojl7hg.mongodb.net
2025-06-27T12:48:58: Attempting to start bot...
2025-06-27T12:48:58: Testing Telegram API connection...
2025-06-27T12:48:59: Server running on port 3000
2025-06-27T12:48:59: Could not connect to Telegram API. Will try to start bot anyway...
2025-06-27T12:49:06: MongoDB Atlas Connected: ac-cv3quvg-shard-00-00.mojl7hg.mongodb.net
2025-06-27T12:49:11: Bot started successfully
2025-06-27T12:49:17: Attempting to start bot...
2025-06-27T12:49:17: Testing Telegram API connection...
2025-06-27T12:49:17: Server running on port 3000
2025-06-27T12:49:23: Telegram API connection test successful
2025-06-27T12:49:32: Bot started successfully
2025-06-27T12:49:33: MongoDB Atlas Connected: ac-cv3quvg-shard-00-00.mojl7hg.mongodb.net
2025-06-27T12:49:36: Attempting to start bot...
2025-06-27T12:49:36: Testing Telegram API connection...
2025-06-27T12:49:36: Server running on port 3000
2025-06-27T12:49:46: Could not connect to Telegram API. Will try to start bot anyway...
2025-06-27T12:49:50: Attempting to start bot...
2025-06-27T12:49:50: Testing Telegram API connection...
2025-06-27T12:49:50: Server running on port 3000
2025-06-27T12:49:54: MongoDB Atlas Connected: ac-cv3quvg-shard-00-00.mojl7hg.mongodb.net
2025-06-27T12:49:54: Telegram API connection test successful
2025-06-27T12:49:54: Retrying in 2 seconds...
2025-06-27T12:50:04: Attempting to start bot...
2025-06-27T12:50:04: Testing Telegram API connection...
2025-06-27T12:50:04: Server running on port 3000
2025-06-27T12:50:04: Could not connect to Telegram API. Will try to start bot anyway...
2025-06-27T12:50:11: MongoDB Atlas Connected: ac-cv3quvg-shard-00-00.mojl7hg.mongodb.net
2025-06-27T12:50:17: Bot started successfully
2025-06-27T12:50:23: Attempting to start bot...
2025-06-27T12:50:23: Testing Telegram API connection...
2025-06-27T12:50:23: Server running on port 3000
2025-06-27T12:50:33: Could not connect to Telegram API. Will try to start bot anyway...
2025-06-27T12:50:34: MongoDB Atlas Connected: ac-cv3quvg-shard-00-00.mojl7hg.mongodb.net
2025-06-27T12:50:36: Bot started successfully
2025-06-27T12:50:42: Attempting to start bot...
2025-06-27T12:50:42: Testing Telegram API connection...
2025-06-27T12:50:42: Server running on port 3000
2025-06-27T12:50:45: Telegram API connection test successful
2025-06-27T12:50:47: MongoDB Atlas Connected: ac-cv3quvg-shard-00-00.mojl7hg.mongodb.net
2025-06-27T12:52:07: Bot started successfully
2025-06-27T12:52:12: Attempting to start bot...
2025-06-27T12:52:12: Testing Telegram API connection...
2025-06-27T12:52:12: Server running on port 3000
2025-06-27T12:52:22: Could not connect to Telegram API. Will try to start bot anyway...
2025-06-27T12:52:56: Attempting to start bot...
2025-06-27T12:52:56: Testing Telegram API connection...
2025-06-27T12:52:56: Server running on port 3000
2025-06-27T12:53:02: Telegram API connection test successful
2025-06-27T12:53:32: Attempting to start bot...
2025-06-27T12:53:32: Testing Telegram API connection...
2025-06-27T12:53:32: Server running on port 3000
2025-06-27T12:53:42: Could not connect to Telegram API. Will try to start bot anyway...
2025-06-27T12:53:48: MongoDB Atlas Connected: ac-cv3quvg-shard-00-00.mojl7hg.mongodb.net
2025-06-29T00:29:42: Attempting to start bot...
2025-06-29T00:29:42: Testing Telegram API connection...
2025-06-29T00:29:42: Server running on port 3000
2025-06-29T00:29:42: Could not connect to Telegram API. Will try to start bot anyway...
2025-06-29T00:29:43: Retrying in 2 seconds...
2025-06-29T00:29:49: Attempting to start bot...
2025-06-29T00:29:49: Testing Telegram API connection...
2025-06-29T00:29:49: Server running on port 3000
2025-06-29T00:29:50: Telegram API connection test successful
2025-06-29T00:29:50: Retrying in 2 seconds...
2025-06-29T00:29:52: MongoDB Atlas Connected: ac-cv3quvg-shard-00-02.mojl7hg.mongodb.net
2025-06-29T00:29:53: Please check your network connection and try again later.
